Testing addition...
0 + 1 = 1
0 + 2 = 2
0 + 3 = 3
0 + 4 = 4
0 + 5 = 5
0 + 6 = 6
0 + 7 = 7
0 + 8 = 8
0 + 9 = 9
0 + 10 = 10
0 + 11 = 11
0 + 12 = 12
1 + 1 = 2
1 + 2 = 3
1 + 3 = 4
1 + 4 = 5
1 + 5 = 6
1 + 6 = 7
1 + 7 = 8
1 + 8 = 9
1 + 9 = 10
1 + 10 = 11
1 + 11 = 12
1 + 12 = 13
2 + 1 = 3
2 + 2 = 4
2 + 3 = 5
2 + 4 = 6
2 + 5 = 7
2 + 6 = 8
2 + 7 = 9
2 + 8 = 10
2 + 9 = 11
2 + 10 = 12
2 + 11 = 13
2 + 12 = 14
3 + 1 = 4
3 + 2 = 5
3 + 3 = 6
3 + 4 = 7
3 + 5 = 8
3 + 6 = 9
3 + 7 = 10
3 + 8 = 11
3 + 9 = 12
3 + 10 = 13
3 + 11 = 14
3 + 12 = 15
4 + 1 = 5
4 + 2 = 6
4 + 3 = 7
4 + 4 = 8
4 + 5 = 9
4 + 6 = 10
4 + 7 = 11
4 + 8 = 12
4 + 9 = 13
4 + 10 = 14
4 + 11 = 15
4 + 12 = 16
5 + 1 = 6
5 + 2 = 7
5 + 3 = 8
5 + 4 = 9
5 + 5 = 10
5 + 6 = 11
5 + 7 = 12
5 + 8 = 13
5 + 9 = 14
5 + 10 = 15
5 + 11 = 16
5 + 12 = 17
6 + 1 = 7
6 + 2 = 8
6 + 3 = 9
6 + 4 = 10
6 + 5 = 11
6 + 6 = 12
6 + 7 = 13
6 + 8 = 14
6 + 9 = 15
6 + 10 = 16
6 + 11 = 17
6 + 12 = 18
7 + 1 = 8
7 + 2 = 9
7 + 3 = 10
7 + 4 = 11
7 + 5 = 12
7 + 6 = 13
7 + 7 = 14
7 + 8 = 15
7 + 9 = 16
7 + 10 = 17
7 + 11 = 18
7 + 12 = 19
8 + 1 = 9
8 + 2 = 10
8 + 3 = 11
8 + 4 = 12
8 + 5 = 13
8 + 6 = 14
8 + 7 = 15
8 + 8 = 16
8 + 9 = 17
8 + 10 = 18
8 + 11 = 19
8 + 12 = 20
9 + 1 = 10
9 + 2 = 11
9 + 3 = 12
9 + 4 = 13
9 + 5 = 14
9 + 6 = 15
9 + 7 = 16
9 + 8 = 17
9 + 9 = 18
9 + 10 = 19
9 + 11 = 20
9 + 12 = 21
10 + 1 = 11
10 + 2 = 12
10 + 3 = 13
10 + 4 = 14
10 + 5 = 15
10 + 6 = 16
10 + 7 = 17
10 + 8 = 18
10 + 9 = 19
10 + 10 = 20
10 + 11 = 21
10 + 12 = 22
11 + 1 = 12
11 + 2 = 13
11 + 3 = 14
11 + 4 = 15
11 + 5 = 16
11 + 6 = 17
11 + 7 = 18
11 + 8 = 19
11 + 9 = 20
11 + 10 = 21
11 + 11 = 22
11 + 12 = 23
12 + 1 = 13
12 + 2 = 14
12 + 3 = 15
12 + 4 = 16
12 + 5 = 17
12 + 6 = 18
12 + 7 = 19
12 + 8 = 20
12 + 9 = 21
12 + 10 = 22
12 + 11 = 23
12 + 12 = 24

Testing subtraction...
0 - 0 = 0
1 - 0 = 1
1 - 1 = 0
2 - 0 = 2
2 - 1 = 1
2 - 2 = 0
3 - 0 = 3
3 - 1 = 2
3 - 2 = 1
3 - 3 = 0
4 - 0 = 4
4 - 1 = 3
4 - 2 = 2
4 - 3 = 1
4 - 4 = 0
5 - 0 = 5
5 - 1 = 4
5 - 2 = 3
5 - 3 = 2
5 - 4 = 1
5 - 5 = 0
6 - 0 = 6
6 - 1 = 5
6 - 2 = 4
6 - 3 = 3
6 - 4 = 2
6 - 5 = 1
6 - 6 = 0
7 - 0 = 7
7 - 1 = 6
7 - 2 = 5
7 - 3 = 4
7 - 4 = 3
7 - 5 = 2
7 - 6 = 1
7 - 7 = 0
8 - 0 = 8
8 - 1 = 7
8 - 2 = 6
8 - 3 = 5
8 - 4 = 4
8 - 5 = 3
8 - 6 = 2
8 - 7 = 1
8 - 8 = 0
9 - 0 = 9
9 - 1 = 8
9 - 2 = 7
9 - 3 = 6
9 - 4 = 5
9 - 5 = 4
9 - 6 = 3
9 - 7 = 2
9 - 8 = 1
9 - 9 = 0
10 - 0 = 10
10 - 1 = 9
10 - 2 = 8
10 - 3 = 7
10 - 4 = 6
10 - 5 = 5
10 - 6 = 4
10 - 7 = 3
10 - 8 = 2
10 - 9 = 1
10 - 10 = 0
11 - 0 = 11
11 - 1 = 10
11 - 2 = 9
11 - 3 = 8
11 - 4 = 7
11 - 5 = 6
11 - 6 = 5
11 - 7 = 4
11 - 8 = 3
11 - 9 = 2
11 - 10 = 1
11 - 11 = 0
12 - 0 = 12
12 - 1 = 11
12 - 2 = 10
12 - 3 = 9
12 - 4 = 8
12 - 5 = 7
12 - 6 = 6
12 - 7 = 5
12 - 8 = 4
12 - 9 = 3
12 - 10 = 2
12 - 11 = 1
12 - 12 = 0

Testing multiplication...
0 * 1 = 0
0 * 2 = 0
0 * 3 = 0
0 * 4 = 0
0 * 5 = 0
0 * 6 = 0
0 * 7 = 0
0 * 8 = 0
0 * 9 = 0
0 * 10 = 0
0 * 11 = 0
0 * 12 = 0
1 * 1 = 1
1 * 2 = 2
1 * 3 = 3
1 * 4 = 4
1 * 5 = 5
1 * 6 = 6
1 * 7 = 7
1 * 8 = 8
1 * 9 = 9
1 * 10 = 10
1 * 11 = 11
1 * 12 = 12
2 * 1 = 2
2 * 2 = 4
2 * 3 = 6
2 * 4 = 8
2 * 5 = 10
2 * 6 = 12
2 * 7 = 14
2 * 8 = 16
2 * 9 = 18
2 * 10 = 20
2 * 11 = 22
2 * 12 = 24
3 * 1 = 3
3 * 2 = 6
3 * 3 = 9
3 * 4 = 12
3 * 5 = 15
3 * 6 = 18
3 * 7 = 21
3 * 8 = 24
3 * 9 = 27
3 * 10 = 30
3 * 11 = 33
3 * 12 = 36
4 * 1 = 4
4 * 2 = 8
4 * 3 = 12
4 * 4 = 16
4 * 5 = 20
4 * 6 = 24
4 * 7 = 28
4 * 8 = 32
4 * 9 = 36
4 * 10 = 40
4 * 11 = 44
4 * 12 = 48
5 * 1 = 5
5 * 2 = 10
5 * 3 = 15
5 * 4 = 20
5 * 5 = 25
5 * 6 = 30
5 * 7 = 35
5 * 8 = 40
5 * 9 = 45
5 * 10 = 50
5 * 11 = 55
5 * 12 = 60
6 * 1 = 6
6 * 2 = 12
6 * 3 = 18
6 * 4 = 24
6 * 5 = 30
6 * 6 = 36
6 * 7 = 42
6 * 8 = 48
6 * 9 = 54
6 * 10 = 60
6 * 11 = 66
6 * 12 = 72
7 * 1 = 7
7 * 2 = 14
7 * 3 = 21
7 * 4 = 28
7 * 5 = 35
7 * 6 = 42
7 * 7 = 49
7 * 8 = 56
7 * 9 = 63
7 * 10 = 70
7 * 11 = 77
7 * 12 = 84
8 * 1 = 8
8 * 2 = 16
8 * 3 = 24
8 * 4 = 32
8 * 5 = 40
8 * 6 = 48
8 * 7 = 56
8 * 8 = 64
8 * 9 = 72
8 * 10 = 80
8 * 11 = 88
8 * 12 = 96
9 * 1 = 9
9 * 2 = 18
9 * 3 = 27
9 * 4 = 36
9 * 5 = 45
9 * 6 = 54
9 * 7 = 63
9 * 8 = 72
9 * 9 = 81
9 * 10 = 90
9 * 11 = 99
9 * 12 = 108
10 * 1 = 10
10 * 2 = 20
10 * 3 = 30
10 * 4 = 40
10 * 5 = 50
10 * 6 = 60
10 * 7 = 70
10 * 8 = 80
10 * 9 = 90
10 * 10 = 100
10 * 11 = 110
10 * 12 = 120
11 * 1 = 11
11 * 2 = 22
11 * 3 = 33
11 * 4 = 44
11 * 5 = 55
11 * 6 = 66
11 * 7 = 77
11 * 8 = 88
11 * 9 = 99
11 * 10 = 110
11 * 11 = 121
11 * 12 = 132
12 * 1 = 12
12 * 2 = 24
12 * 3 = 36
12 * 4 = 48
12 * 5 = 60
12 * 6 = 72
12 * 7 = 84
12 * 8 = 96
12 * 9 = 108
12 * 10 = 120
12 * 11 = 132
12 * 12 = 144

Testing division...
0 / 1 = 0
0 / 2 = 0
0 / 3 = 0
0 / 4 = 0
0 / 5 = 0
0 / 6 = 0
0 / 7 = 0
0 / 8 = 0
0 / 9 = 0
0 / 10 = 0
0 / 11 = 0
0 / 12 = 0
1 / 1 = 1
1 / 2 = 0
1 / 3 = 0
1 / 4 = 0
1 / 5 = 0
1 / 6 = 0
1 / 7 = 0
1 / 8 = 0
1 / 9 = 0
1 / 10 = 0
1 / 11 = 0
1 / 12 = 0
2 / 1 = 2
2 / 2 = 1
2 / 3 = 0
2 / 4 = 0
2 / 5 = 0
2 / 6 = 0
2 / 7 = 0
2 / 8 = 0
2 / 9 = 0
2 / 10 = 0
2 / 11 = 0
2 / 12 = 0
3 / 1 = 3
3 / 2 = 1
3 / 3 = 1
3 / 4 = 0
3 / 5 = 0
3 / 6 = 0
3 / 7 = 0
3 / 8 = 0
3 / 9 = 0
3 / 10 = 0
3 / 11 = 0
3 / 12 = 0
4 / 1 = 4
4 / 2 = 2
4 / 3 = 1
4 / 4 = 1
4 / 5 = 0
4 / 6 = 0
4 / 7 = 0
4 / 8 = 0
4 / 9 = 0
4 / 10 = 0
4 / 11 = 0
4 / 12 = 0
5 / 1 = 5
5 / 2 = 2
5 / 3 = 1
5 / 4 = 1
5 / 5 = 1
5 / 6 = 0
5 / 7 = 0
5 / 8 = 0
5 / 9 = 0
5 / 10 = 0
5 / 11 = 0
5 / 12 = 0
6 / 1 = 6
6 / 2 = 3
6 / 3 = 2
6 / 4 = 1
6 / 5 = 1
6 / 6 = 1
6 / 7 = 0
6 / 8 = 0
6 / 9 = 0
6 / 10 = 0
6 / 11 = 0
6 / 12 = 0
7 / 1 = 7
7 / 2 = 3
7 / 3 = 2
7 / 4 = 1
7 / 5 = 1
7 / 6 = 1
7 / 7 = 1
7 / 8 = 0
7 / 9 = 0
7 / 10 = 0
7 / 11 = 0
7 / 12 = 0
8 / 1 = 8
8 / 2 = 4
8 / 3 = 2
8 / 4 = 2
8 / 5 = 1
8 / 6 = 1
8 / 7 = 1
8 / 8 = 1
8 / 9 = 0
8 / 10 = 0
8 / 11 = 0
8 / 12 = 0
9 / 1 = 9
9 / 2 = 4
9 / 3 = 3
9 / 4 = 2
9 / 5 = 1
9 / 6 = 1
9 / 7 = 1
9 / 8 = 1
9 / 9 = 1
9 / 10 = 0
9 / 11 = 0
9 / 12 = 0
10 / 1 = 10
10 / 2 = 5
10 / 3 = 3
10 / 4 = 2
10 / 5 = 2
10 / 6 = 1
10 / 7 = 1
10 / 8 = 1
10 / 9 = 1
10 / 10 = 1
10 / 11 = 0
10 / 12 = 0
11 / 1 = 11
11 / 2 = 5
11 / 3 = 3
11 / 4 = 2
11 / 5 = 2
11 / 6 = 1
11 / 7 = 1
11 / 8 = 1
11 / 9 = 1
11 / 10 = 1
11 / 11 = 1
11 / 12 = 0
12 / 1 = 12
12 / 2 = 6
12 / 3 = 4
12 / 4 = 3
12 / 5 = 2
12 / 6 = 2
12 / 7 = 1
12 / 8 = 1
12 / 9 = 1
12 / 10 = 1
12 / 11 = 1
12 / 12 = 1

Testing modulus...
0 % 1 = 0
0 % 2 = 0
0 % 3 = 0
0 % 4 = 0
0 % 5 = 0
0 % 6 = 0
0 % 7 = 0
0 % 8 = 0
0 % 9 = 0
0 % 10 = 0
0 % 11 = 0
0 % 12 = 0
1 % 1 = 0
1 % 2 = 1
1 % 3 = 1
1 % 4 = 1
1 % 5 = 1
1 % 6 = 1
1 % 7 = 1
1 % 8 = 1
1 % 9 = 1
1 % 10 = 1
1 % 11 = 1
1 % 12 = 1
2 % 1 = 0
2 % 2 = 0
2 % 3 = 2
2 % 4 = 2
2 % 5 = 2
2 % 6 = 2
2 % 7 = 2
2 % 8 = 2
2 % 9 = 2
2 % 10 = 2
2 % 11 = 2
2 % 12 = 2
3 % 1 = 0
3 % 2 = 1
3 % 3 = 0
3 % 4 = 3
3 % 5 = 3
3 % 6 = 3
3 % 7 = 3
3 % 8 = 3
3 % 9 = 3
3 % 10 = 3
3 % 11 = 3
3 % 12 = 3
4 % 1 = 0
4 % 2 = 0
4 % 3 = 1
4 % 4 = 0
4 % 5 = 4
4 % 6 = 4
4 % 7 = 4
4 % 8 = 4
4 % 9 = 4
4 % 10 = 4
4 % 11 = 4
4 % 12 = 4
5 % 1 = 0
5 % 2 = 1
5 % 3 = 2
5 % 4 = 1
5 % 5 = 0
5 % 6 = 5
5 % 7 = 5
5 % 8 = 5
5 % 9 = 5
5 % 10 = 5
5 % 11 = 5
5 % 12 = 5
6 % 1 = 0
6 % 2 = 0
6 % 3 = 0
6 % 4 = 2
6 % 5 = 1
6 % 6 = 0
6 % 7 = 6
6 % 8 = 6
6 % 9 = 6
6 % 10 = 6
6 % 11 = 6
6 % 12 = 6
7 % 1 = 0
7 % 2 = 1
7 % 3 = 1
7 % 4 = 3
7 % 5 = 2
7 % 6 = 1
7 % 7 = 0
7 % 8 = 7
7 % 9 = 7
7 % 10 = 7
7 % 11 = 7
7 % 12 = 7
8 % 1 = 0
8 % 2 = 0
8 % 3 = 2
8 % 4 = 0
8 % 5 = 3
8 % 6 = 2
8 % 7 = 1
8 % 8 = 0
8 % 9 = 8
8 % 10 = 8
8 % 11 = 8
8 % 12 = 8
9 % 1 = 0
9 % 2 = 1
9 % 3 = 0
9 % 4 = 1
9 % 5 = 4
9 % 6 = 3
9 % 7 = 2
9 % 8 = 1
9 % 9 = 0
9 % 10 = 9
9 % 11 = 9
9 % 12 = 9
10 % 1 = 0
10 % 2 = 0
10 % 3 = 1
10 % 4 = 2
10 % 5 = 0
10 % 6 = 4
10 % 7 = 3
10 % 8 = 2
10 % 9 = 1
10 % 10 = 0
10 % 11 = 10
10 % 12 = 10
11 % 1 = 0
11 % 2 = 1
11 % 3 = 2
11 % 4 = 3
11 % 5 = 1
11 % 6 = 5
11 % 7 = 4
11 % 8 = 3
11 % 9 = 2
11 % 10 = 1
11 % 11 = 0
11 % 12 = 11
12 % 1 = 0
12 % 2 = 0
12 % 3 = 0
12 % 4 = 0
12 % 5 = 2
12 % 6 = 0
12 % 7 = 5
12 % 8 = 4
12 % 9 = 3
12 % 10 = 2
12 % 11 = 1
12 % 12 = 0

Testing division by zero...
13 / 0 = panicked: attempt to divide by zero
